<?xml version="1.0" encoding="UTF-8"?>
<testsuite xmlns:xsi="http://www.w3.org/2001/XMLSchema-instance" xsi:noNamespaceSchemaLocation="https://maven.apache.org/surefire/maven-surefire-plugin/xsd/surefire-test-report-3.0.xsd" version="3.0" name="Proyecto.PQRSMART.PqrsmartApplicationTests" time="19.078" tests="1" errors="0" skipped="0" failures="0">
  <properties>
[...]
</properties>
  <testcase name="contextLoads" classname="Proyecto.PQRSMART.PqrsmartApplicationTests" time="0.341">
    <system-out><![CDATA[10:11:27.484 [main] INFO org.springframework.test.context.support.AnnotationConfigContextLoaderUtils -- Could not detect default configuration classes for test class [Proyecto.PQRSMART.PqrsmartApplicationTests]: PqrsmartApplicationTests does not declare any static, non-private, non-final, nested classes annotated with @Configuration.
10:11:27.589 [main] INFO org.springframework.boot.test.context.SpringBootTestContextBootstrapper -- Found @SpringBootConfiguration Proyecto.PQRSMART.PqrsmartApplication for test class Proyecto.PQRSMART.PqrsmartApplicationTests
10:11:27.740 [main] INFO org.springframework.boot.devtools.restart.RestartApplicationListener -- Restart disabled due to context in which it is running

  .   ____          _            __ _ _
 /\\ / ___'_ __ _ _(_)_ __  __ _ \ \ \ \
( ( )\___ | '_ | '_| | '_ \/ _` | \ \ \ \
 \\/  ___)| |_)| | | | | || (_| |  ) ) ) )
  '  |____| .__|_| |_|_| |_\__, | / / / /
 =========|_|==============|___/=/_/_/_/

 :: Spring Boot ::                (v3.3.4)

2024-11-17T10:11:28.064-05:00  INFO 22976 --- [           main] P.PQRSMART.PqrsmartApplicationTests      : Starting PqrsmartApplicationTests using Java 22.0.2 with PID 22976 (started by Ultra in D:\Repositorio\PQRSMARTBACK)
2024-11-17T10:11:28.065-05:00  INFO 22976 --- [           main] P.PQRSMART.PqrsmartApplicationTests      : No active profile set, falling back to 1 default profile: "default"
2024-11-17T10:11:28.745-05:00  INFO 22976 --- [           main] .s.d.r.c.RepositoryConfigurationDelegate : Bootstrapping Spring Data JPA repositories in DEFAULT mode.
2024-11-17T10:11:28.825-05:00  INFO 22976 --- [           main] .s.d.r.c.RepositoryConfigurationDelegate : Finished Spring Data repository scanning in 73 ms. Found 10 JPA repository interfaces.
2024-11-17T10:11:29.214-05:00  INFO 22976 --- [           main] com.zaxxer.hikari.HikariDataSource       : HikariPool-1 - Starting...
2024-11-17T10:11:31.053-05:00  INFO 22976 --- [           main] com.zaxxer.hikari.pool.HikariPool        : HikariPool-1 - Added connection com.mysql.cj.jdbc.ConnectionImpl@2ec85a25
2024-11-17T10:11:31.054-05:00  INFO 22976 --- [           main] com.zaxxer.hikari.HikariDataSource       : HikariPool-1 - Start completed.
2024-11-17T10:11:31.141-05:00  INFO 22976 --- [           main] o.hibernate.jpa.internal.util.LogHelper  : HHH000204: Processing PersistenceUnitInfo [name: default]
2024-11-17T10:11:31.209-05:00  INFO 22976 --- [           main] org.hibernate.Version                    : HHH000412: Hibernate ORM core version 6.5.3.Final
2024-11-17T10:11:31.241-05:00  INFO 22976 --- [           main] o.h.c.internal.RegionFactoryInitiator    : HHH000026: Second-level cache disabled
2024-11-17T10:11:31.533-05:00  INFO 22976 --- [           main] o.s.o.j.p.SpringPersistenceUnitInfo      : No LoadTimeWeaver setup: ignoring JPA class transformer
2024-11-17T10:11:32.797-05:00  INFO 22976 --- [           main] o.h.e.t.j.p.i.JtaPlatformInitiator       : HHH000489: No JTA platform available (set 'hibernate.transaction.jta.platform' to enable JTA platform integration)
Hibernate: create table categorias (id_categoria bigint not null auto_increment, nombre_categoria varchar(255), id_dependencia bigint, estado bigint, primary key (id_categoria)) engine=InnoDB
Hibernate: create table dependencias (id_dependencia bigint not null auto_increment, nombre_dependencia varchar(255), estado bigint, primary key (id_dependencia)) engine=InnoDB
Hibernate: create table estados (id_estado bigint not null auto_increment, descripcion varchar(255), primary key (id_estado)) engine=InnoDB
Hibernate: create table estados_solicitud (id_estado_solicitud bigint not null auto_increment, nombre_estado_solicitud varchar(255), primary key (id_estado_solicitud)) engine=InnoDB
Hibernate: create table estados_usuario (id bigint not null auto_increment, estados varchar(255), primary key (id)) engine=InnoDB
Hibernate: create table solicitudes (id_solicitud bigint not null auto_increment, respuesta_solicitud varchar(255), archivo tinytext, archivo_respuesta tinytext, fecha_solicitud date, descripcion_solicitud varchar(1000), evidencia_respuesta tinytext, medio_respuesta varchar(255), radicado bigint, id_categoria bigint, id_dependencia bigint, id_estado_solicitud bigint, id_tipo_solicitud bigint, usuario bigint, primary key (id_solicitud)) engine=InnoDB
Hibernate: create table tipos_identificacion (id_tipo_identificacion bigint not null auto_increment, nombre_tipo_identificacion varchar(255), primary key (id_tipo_identificacion)) engine=InnoDB
Hibernate: create table tipos_persona (id_tipo_persona bigint not null auto_increment, nombre_tipo_persona varchar(255), primary key (id_tipo_persona)) engine=InnoDB
Hibernate: create table tipos_solicitud (id_tipo_solicitud bigint not null auto_increment, nombre_tipo_solicitud varchar(255), primary key (id_tipo_solicitud)) engine=InnoDB
Hibernate: create table usuario (id bigint not null auto_increment, correo_persona varchar(255), numero_identificacion_persona decimal(38,0), apellido_persona varchar(255), nombre varchar(255), numero decimal(38,0), contraseña varchar(255), roles enum ('ADMIN','SECRE','USER'), usuario varchar(255), id_dependencia bigint, id_tipo_identificacion bigint, id_tipo_persona bigint, estado_usuario bigint, primary key (id)) engine=InnoDB
Hibernate: alter table categorias drop index UK29mosksismnta90dn19gl3gr2
Hibernate: alter table categorias add constraint UK29mosksismnta90dn19gl3gr2 unique (nombre_categoria)
Hibernate: alter table dependencias drop index UKrl3k87avbne0vq2ys07gyvbsy
Hibernate: alter table dependencias add constraint UKrl3k87avbne0vq2ys07gyvbsy unique (nombre_dependencia)
Hibernate: alter table usuario drop index UKn1vnc2kr456wjw3jytfi5eqoc
Hibernate: alter table usuario add constraint UKn1vnc2kr456wjw3jytfi5eqoc unique (correo_persona)
Hibernate: alter table usuario drop index UK9en1fsmgvkoh38dbnr6vn4wc6
Hibernate: alter table usuario add constraint UK9en1fsmgvkoh38dbnr6vn4wc6 unique (numero_identificacion_persona)
Hibernate: alter table usuario drop index UKk01sihr0k4gt7hnfw749uj04s
Hibernate: alter table usuario add constraint UKk01sihr0k4gt7hnfw749uj04s unique (numero)
Hibernate: alter table usuario drop index UKi02kr8ui5pqddyd7pkm3v4jbt
Hibernate: alter table usuario add constraint UKi02kr8ui5pqddyd7pkm3v4jbt unique (usuario)
Hibernate: alter table categorias add constraint FK6oc7gu7gptnmi52p2sapld6m9 foreign key (id_dependencia) references dependencias (id_dependencia)
Hibernate: alter table categorias add constraint FKf2lmk0ny2dweojey2yq7rd9wc foreign key (estado) references estados (id_estado)
Hibernate: alter table dependencias add constraint FKsiwe5fjsasr0t17uib1tnb6h7 foreign key (estado) references estados (id_estado)
Hibernate: alter table solicitudes add constraint FK3gth8vtf4ah927nvvih4di25n foreign key (id_categoria) references categorias (id_categoria)
Hibernate: alter table solicitudes add constraint FKapvven0ji382mdaq991i2aptp foreign key (id_dependencia) references dependencias (id_dependencia)
Hibernate: alter table solicitudes add constraint FK8rjaxnpxn6coloavevl2yseu7 foreign key (id_estado_solicitud) references estados_solicitud (id_estado_solicitud)
Hibernate: alter table solicitudes add constraint FKimghqm5oikaigrthlmxid1s0c foreign key (id_tipo_solicitud) references tipos_solicitud (id_tipo_solicitud)
Hibernate: alter table solicitudes add constraint FKgodcwxatpv5cjgm2qolbo380a foreign key (usuario) references usuario (id)
Hibernate: alter table usuario add constraint FKkuxx5g8vr5w663l9n8gx9a833 foreign key (id_dependencia) references dependencias (id_dependencia)
Hibernate: alter table usuario add constraint FK2ywj21f9ebrqqmvfydpxg2msk foreign key (id_tipo_identificacion) references tipos_identificacion (id_tipo_identificacion)
Hibernate: alter table usuario add constraint FKh9ba8dfwusihxpidvakx2nfbk foreign key (id_tipo_persona) references tipos_persona (id_tipo_persona)
Hibernate: alter table usuario add constraint FK1qbsh6vkes1fmvyj2ubwnei1j foreign key (estado_usuario) references estados_usuario (id)
2024-11-17T10:11:45.003-05:00  INFO 22976 --- [           main] j.LocalContainerEntityManagerFactoryBean : Initialized JPA EntityManagerFactory for persistence unit 'default'
2024-11-17T10:11:45.367-05:00  INFO 22976 --- [           main] eAuthenticationProviderManagerConfigurer : Global AuthenticationManager configured with AuthenticationProvider bean with name authenticationProvider
2024-11-17T10:11:45.367-05:00  WARN 22976 --- [           main] r$InitializeUserDetailsManagerConfigurer : Global AuthenticationManager configured with an AuthenticationProvider bean. UserDetailsService beans will not be used for username/password login. Consider removing the AuthenticationProvider bean. Alternatively, consider using the UserDetailsService in a manually instantiated DaoAuthenticationProvider.
2024-11-17T10:11:45.492-05:00  WARN 22976 --- [           main] JpaBaseConfiguration$JpaWebConfiguration : spring.jpa.open-in-view is enabled by default. Therefore, database queries may be performed during view rendering. Explicitly configure spring.jpa.open-in-view to disable this warning
2024-11-17T10:11:46.042-05:00  INFO 22976 --- [           main] P.PQRSMART.PqrsmartApplicationTests      : Started PqrsmartApplicationTests in 18.315 seconds (process running for 19.183)
]]></system-out>
    <system-err><![CDATA[WARNING: A Java agent has been loaded dynamically (C:\Users\Ultra\.m2\repository\net\bytebuddy\byte-buddy-agent\1.14.19\byte-buddy-agent-1.14.19.jar)
WARNING: If a serviceability tool is in use, please run with -XX:+EnableDynamicAgentLoading to hide this warning
WARNING: If a serviceability tool is not in use, please run with -Djdk.instrument.traceUsage for more information
WARNING: Dynamic loading of agents will be disallowed by default in a future release
]]></system-err>
  </testcase>
</testsuite>